Analysis & Synthesis report for mem
Mon Dec 09 13:48:00 2013
Quartus II 64-Bit Version 13.0.1 Build 232 06/12/2013 Service Pack 1 SJ Web Edition


---------------------
; Table of Contents ;
---------------------
  1. Legal Notice
  2. Analysis & Synthesis Summary
  3. Analysis & Synthesis Settings
  4. Parallel Compilation
  5. Analysis & Synthesis Source Files Read
  6. Analysis & Synthesis Resource Usage Summary
  7. Analysis & Synthesis Resource Utilization by Entity
  8. State Machine - |mem|state
  9. User-Specified and Inferred Latches
 10. Registers Removed During Synthesis
 11. General Register Statistics
 12. Multiplexer Restructuring Statistics (Restructuring Performed)
 13. Port Connectivity Checks: "altera_UP_sram:mem1"
 14. Elapsed Time Per Partition
 15. Analysis & Synthesis Messages



----------------
; Legal Notice ;
----------------
Copyright (C) 1991-2013 Altera Corporation
Your use of Altera Corporation's design tools, logic functions 
and other software and tools, and its AMPP partner logic 
functions, and any output files from any of the foregoing 
(including device programming or simulation files), and any 
associated documentation or information are expressly subject 
to the terms and conditions of the Altera Program License 
Subscription Agreement, Altera MegaCore Function License 
Agreement, or other applicable license agreement, including, 
without limitation, that your use is for the sole purpose of 
programming logic devices manufactured by Altera and sold by 
Altera or its authorized distributors.  Please refer to the 
applicable agreement for further details.



+--------------------------------------------------------------------------------------+
; Analysis & Synthesis Summary                                                         ;
+------------------------------------+-------------------------------------------------+
; Analysis & Synthesis Status        ; Successful - Mon Dec 09 13:47:58 2013           ;
; Quartus II 64-Bit Version          ; 13.0.1 Build 232 06/12/2013 SP 1 SJ Web Edition ;
; Revision Name                      ; mem                                             ;
; Top-level Entity Name              ; mem                                             ;
; Family                             ; Cyclone IV E                                    ;
; Total logic elements               ; 334                                             ;
;     Total combinational functions  ; 318                                             ;
;     Dedicated logic registers      ; 202                                             ;
; Total registers                    ; 202                                             ;
; Total pins                         ; 105                                             ;
; Total virtual pins                 ; 0                                               ;
; Total memory bits                  ; 0                                               ;
; Embedded Multiplier 9-bit elements ; 0                                               ;
; Total PLLs                         ; 0                                               ;
+------------------------------------+-------------------------------------------------+


+----------------------------------------------------------------------------------------------------------------------+
; Analysis & Synthesis Settings                                                                                        ;
+----------------------------------------------------------------------------+--------------------+--------------------+
; Option                                                                     ; Setting            ; Default Value      ;
+----------------------------------------------------------------------------+--------------------+--------------------+
; Device                                                                     ; EP4CE115F29C8      ;                    ;
; Top-level entity name                                                      ; mem                ; mem                ;
; Family name                                                                ; Cyclone IV E       ; Cyclone IV GX      ;
; Use smart compilation                                                      ; Off                ; Off                ;
; Enable parallel Assembler and TimeQuest Timing Analyzer during compilation ; On                 ; On                 ;
; Enable compact report table                                                ; Off                ; Off                ;
; Restructure Multiplexers                                                   ; Auto               ; Auto               ;
; Create Debugging Nodes for IP Cores                                        ; Off                ; Off                ;
; Preserve fewer node names                                                  ; On                 ; On                 ;
; Disable OpenCore Plus hardware evaluation                                  ; Off                ; Off                ;
; Verilog Version                                                            ; Verilog_2001       ; Verilog_2001       ;
; VHDL Version                                                               ; VHDL_1993          ; VHDL_1993          ;
; State Machine Processing                                                   ; Auto               ; Auto               ;
; Safe State Machine                                                         ; Off                ; Off                ;
; Extract Verilog State Machines                                             ; On                 ; On                 ;
; Extract VHDL State Machines                                                ; On                 ; On                 ;
; Ignore Verilog initial constructs                                          ; Off                ; Off                ;
; Iteration limit for constant Verilog loops                                 ; 5000               ; 5000               ;
; Iteration limit for non-constant Verilog loops                             ; 250                ; 250                ;
; Add Pass-Through Logic to Inferred RAMs                                    ; On                 ; On                 ;
; Infer RAMs from Raw Logic                                                  ; On                 ; On                 ;
; Parallel Synthesis                                                         ; On                 ; On                 ;
; DSP Block Balancing                                                        ; Auto               ; Auto               ;
; NOT Gate Push-Back                                                         ; On                 ; On                 ;
; Power-Up Don't Care                                                        ; On                 ; On                 ;
; Remove Redundant Logic Cells                                               ; Off                ; Off                ;
; Remove Duplicate Registers                                                 ; On                 ; On                 ;
; Ignore CARRY Buffers                                                       ; Off                ; Off                ;
; Ignore CASCADE Buffers                                                     ; Off                ; Off                ;
; Ignore GLOBAL Buffers                                                      ; Off                ; Off                ;
; Ignore ROW GLOBAL Buffers                                                  ; Off                ; Off                ;
; Ignore LCELL Buffers                                                       ; Off                ; Off                ;
; Ignore SOFT Buffers                                                        ; On                 ; On                 ;
; Limit AHDL Integers to 32 Bits                                             ; Off                ; Off                ;
; Optimization Technique                                                     ; Balanced           ; Balanced           ;
; Carry Chain Length                                                         ; 70                 ; 70                 ;
; Auto Carry Chains                                                          ; On                 ; On                 ;
; Auto Open-Drain Pins                                                       ; On                 ; On                 ;
; Perform WYSIWYG Primitive Resynthesis                                      ; Off                ; Off                ;
; Auto ROM Replacement                                                       ; On                 ; On                 ;
; Auto RAM Replacement                                                       ; On                 ; On                 ;
; Auto DSP Block Replacement                                                 ; On                 ; On                 ;
; Auto Shift Register Replacement                                            ; Auto               ; Auto               ;
; Allow Shift Register Merging across Hierarchies                            ; Auto               ; Auto               ;
; Auto Clock Enable Replacement                                              ; On                 ; On                 ;
; Strict RAM Replacement                                                     ; Off                ; Off                ;
; Allow Synchronous Control Signals                                          ; On                 ; On                 ;
; Force Use of Synchronous Clear Signals                                     ; Off                ; Off                ;
; Auto RAM Block Balancing                                                   ; On                 ; On                 ;
; Auto RAM to Logic Cell Conversion                                          ; Off                ; Off                ;
; Auto Resource Sharing                                                      ; Off                ; Off                ;
; Allow Any RAM Size For Recognition                                         ; Off                ; Off                ;
; Allow Any ROM Size For Recognition                                         ; Off                ; Off                ;
; Allow Any Shift Register Size For Recognition                              ; Off                ; Off                ;
; Use LogicLock Constraints during Resource Balancing                        ; On                 ; On                 ;
; Ignore translate_off and synthesis_off directives                          ; Off                ; Off                ;
; Timing-Driven Synthesis                                                    ; On                 ; On                 ;
; Report Parameter Settings                                                  ; On                 ; On                 ;
; Report Source Assignments                                                  ; On                 ; On                 ;
; Report Connectivity Checks                                                 ; On                 ; On                 ;
; Ignore Maximum Fan-Out Assignments                                         ; Off                ; Off                ;
; Synchronization Register Chain Length                                      ; 2                  ; 2                  ;
; PowerPlay Power Optimization                                               ; Normal compilation ; Normal compilation ;
; HDL message level                                                          ; Level2             ; Level2             ;
; Suppress Register Optimization Related Messages                            ; Off                ; Off                ;
; Number of Removed Registers Reported in Synthesis Report                   ; 5000               ; 5000               ;
; Number of Swept Nodes Reported in Synthesis Report                         ; 5000               ; 5000               ;
; Number of Inverted Registers Reported in Synthesis Report                  ; 100                ; 100                ;
; Clock MUX Protection                                                       ; On                 ; On                 ;
; Auto Gated Clock Conversion                                                ; Off                ; Off                ;
; Block Design Naming                                                        ; Auto               ; Auto               ;
; SDC constraint protection                                                  ; Off                ; Off                ;
; Synthesis Effort                                                           ; Auto               ; Auto               ;
; Shift Register Replacement - Allow Asynchronous Clear Signal               ; On                 ; On                 ;
; Pre-Mapping Resynthesis Optimization                                       ; Off                ; Off                ;
; Analysis & Synthesis Message Level                                         ; Medium             ; Medium             ;
; Disable Register Merging Across Hierarchies                                ; Auto               ; Auto               ;
; Resource Aware Inference For Block RAM                                     ; On                 ; On                 ;
; Synthesis Seed                                                             ; 1                  ; 1                  ;
+----------------------------------------------------------------------------+--------------------+--------------------+


Parallel compilation was disabled, but you have multiple processors available. Enable parallel compilation to reduce compilation time.
+-------------------------------------+
; Parallel Compilation                ;
+----------------------------+--------+
; Processors                 ; Number ;
+----------------------------+--------+
; Number detected on machine ; 4      ;
; Maximum allowed            ; 1      ;
+----------------------------+--------+


+---------------------------------------------------------------------------------------------------------------------------+
; Analysis & Synthesis Source Files Read                                                                                    ;
+----------------------------------+-----------------+-----------------------+------------------------------------+---------+
; File Name with User-Entered Path ; Used in Netlist ; File Type             ; File Name with Absolute Path       ; Library ;
+----------------------------------+-----------------+-----------------------+------------------------------------+---------+
; mem.vhd                          ; yes             ; User VHDL File        ; Z:/FPGA/project/mem.vhd            ;         ;
; altera_up_sram.vhd               ; yes             ; Auto-Found VHDL File  ; Z:/FPGA/project/altera_up_sram.vhd ;         ;
+----------------------------------+-----------------+-----------------------+------------------------------------+---------+


+--------------------------------------------------------------+
; Analysis & Synthesis Resource Usage Summary                  ;
+---------------------------------------------+----------------+
; Resource                                    ; Usage          ;
+---------------------------------------------+----------------+
; Estimated Total logic elements              ; 334            ;
;                                             ;                ;
; Total combinational functions               ; 318            ;
; Logic element usage by number of LUT inputs ;                ;
;     -- 4 input functions                    ; 99             ;
;     -- 3 input functions                    ; 64             ;
;     -- <=2 input functions                  ; 155            ;
;                                             ;                ;
; Logic elements by mode                      ;                ;
;     -- normal mode                          ; 181            ;
;     -- arithmetic mode                      ; 137            ;
;                                             ;                ;
; Total registers                             ; 202            ;
;     -- Dedicated logic registers            ; 202            ;
;     -- I/O registers                        ; 0              ;
;                                             ;                ;
; I/O pins                                    ; 105            ;
; Embedded Multiplier 9-bit elements          ; 0              ;
; Maximum fan-out node                        ; clock_50~input ;
; Maximum fan-out                             ; 202            ;
; Total fan-out                               ; 1692           ;
; Average fan-out                             ; 2.26           ;
+---------------------------------------------+----------------+


+----------------------------------------------------------------------------------------------------------------------------------------------------------------------------------+
; Analysis & Synthesis Resource Utilization by Entity                                                                                                                              ;
+----------------------------+-------------------+--------------+-------------+--------------+---------+-----------+------+--------------+--------------------------+--------------+
; Compilation Hierarchy Node ; LC Combinationals ; LC Registers ; Memory Bits ; DSP Elements ; DSP 9x9 ; DSP 18x18 ; Pins ; Virtual Pins ; Full Hierarchy Name      ; Library Name ;
+----------------------------+-------------------+--------------+-------------+--------------+---------+-----------+------+--------------+--------------------------+--------------+
; |mem                       ; 318 (317)         ; 202 (173)    ; 0           ; 0            ; 0       ; 0         ; 105  ; 0            ; |mem                     ; work         ;
;    |altera_UP_sram:mem1|   ; 1 (1)             ; 29 (29)      ; 0           ; 0            ; 0       ; 0         ; 0    ; 0            ; |mem|altera_UP_sram:mem1 ; work         ;
+----------------------------+-------------------+--------------+-------------+--------------+---------+-----------+------+--------------+--------------------------+--------------+
Note: For table entries with two numbers listed, the numbers in parentheses indicate the number of resources of the given type used by the specific entity alone. The numbers listed outside of parentheses indicate the total resources of the given type used by the specific entity and all of its sub-entities in the hierarchy.


Encoding Type:  One-Hot
+---------------------------------------------------------------+
; State Machine - |mem|state                                    ;
+----------------+----------------+----------------+------------+
; Name           ; state.dataread ; state.guidance ; state.idle ;
+----------------+----------------+----------------+------------+
; state.idle     ; 0              ; 0              ; 0          ;
; state.guidance ; 0              ; 1              ; 1          ;
; state.dataread ; 1              ; 0              ; 1          ;
+----------------+----------------+----------------+------------+


+----------------------------------------------------------------------------------------------------+
; User-Specified and Inferred Latches                                                                ;
+-----------------------------------------------------+---------------------+------------------------+
; Latch Name                                          ; Latch Enable Signal ; Free of Timing Hazards ;
+-----------------------------------------------------+---------------------+------------------------+
; Source_A_D[2]                                       ; Selector4           ; yes                    ;
; Source_A_D[1]                                       ; Selector4           ; yes                    ;
; Source_A_D[0]                                       ; Selector4           ; yes                    ;
; present_state.play_2412                             ; GND                 ; yes                    ;
; is_write                                            ; GND                 ; yes                    ;
; address[0]                                          ; Selector3           ; yes                    ;
; address[1]                                          ; Selector3           ; yes                    ;
; address[2]                                          ; Selector3           ; yes                    ;
; address[3]                                          ; Selector3           ; yes                    ;
; address[4]                                          ; Selector3           ; yes                    ;
; address[5]                                          ; Selector3           ; yes                    ;
; address[6]                                          ; Selector3           ; yes                    ;
; address[7]                                          ; Selector3           ; yes                    ;
; address[8]                                          ; Selector3           ; yes                    ;
; address[9]                                          ; Selector3           ; yes                    ;
; address[10]                                         ; Selector3           ; yes                    ;
; address[11]                                         ; Selector3           ; yes                    ;
; address[12]                                         ; Selector3           ; yes                    ;
; address[13]                                         ; Selector3           ; yes                    ;
; address[14]                                         ; Selector3           ; yes                    ;
; address[15]                                         ; Selector3           ; yes                    ;
; address[16]                                         ; Selector3           ; yes                    ;
; address[17]                                         ; Selector3           ; yes                    ;
; address[18]                                         ; Selector3           ; yes                    ;
; address[19]                                         ; Selector3           ; yes                    ;
; writedata[0]                                        ; is_write            ; yes                    ;
; writedata[1]                                        ; is_write            ; yes                    ;
; writedata[2]                                        ; is_write            ; yes                    ;
; Number of user-specified and inferred latches = 28  ;                     ;                        ;
+-----------------------------------------------------+---------------------+------------------------+
Note: All latches listed above may not be present at the end of synthesis due to various synthesis optimizations.


+-----------------------------------------------------------------------------------+
; Registers Removed During Synthesis                                                ;
+------------------------------------------+----------------------------------------+
; Register name                            ; Reason for Removal                     ;
+------------------------------------------+----------------------------------------+
; altera_UP_sram:mem1|writedata_reg[3..15] ; Stuck at GND due to stuck port data_in ;
; altera_UP_sram:mem1|SRAM_CE_N            ; Stuck at GND due to stuck port data_in ;
; altera_UP_sram:mem1|SRAM_UB_N            ; Stuck at VCC due to stuck port data_in ;
; altera_UP_sram:mem1|SRAM_LB_N            ; Stuck at GND due to stuck port data_in ;
; Total Number of Removed Registers = 16   ;                                        ;
+------------------------------------------+----------------------------------------+


+------------------------------------------------------+
; General Register Statistics                          ;
+----------------------------------------------+-------+
; Statistic                                    ; Value ;
+----------------------------------------------+-------+
; Total registers                              ; 202   ;
; Number of registers using Synchronous Clear  ; 103   ;
; Number of registers using Synchronous Load   ; 0     ;
; Number of registers using Asynchronous Clear ; 0     ;
; Number of registers using Asynchronous Load  ; 0     ;
; Number of registers using Clock Enable       ; 84    ;
; Number of registers using Preset             ; 0     ;
+----------------------------------------------+-------+


+------------------------------------------------------------------------------------------------------------------------------------------+
; Multiplexer Restructuring Statistics (Restructuring Performed)                                                                           ;
+--------------------+-----------+---------------+----------------------+------------------------+------------+----------------------------+
; Multiplexer Inputs ; Bus Width ; Baseline Area ; Area if Restructured ; Saving if Restructured ; Registered ; Example Multiplexer Output ;
+--------------------+-----------+---------------+----------------------+------------------------+------------+----------------------------+
; 3:1                ; 8 bits    ; 16 LEs        ; 8 LEs                ; 8 LEs                  ; Yes        ; |mem|odata[17]             ;
; 3:1                ; 19 bits   ; 38 LEs        ; 19 LEs               ; 19 LEs                 ; Yes        ; |mem|idle_count[0]         ;
; 3:1                ; 19 bits   ; 38 LEs        ; 19 LEs               ; 19 LEs                 ; Yes        ; |mem|state_count[3]        ;
; 3:1                ; 19 bits   ; 38 LEs        ; 19 LEs               ; 19 LEs                 ; Yes        ; |mem|data_count[8]         ;
; 4:1                ; 3 bits    ; 6 LEs         ; 6 LEs                ; 0 LEs                  ; Yes        ; |mem|re_turnit             ;
; 4:1                ; 6 bits    ; 12 LEs        ; 6 LEs                ; 6 LEs                  ; Yes        ; |mem|bitcount[5]           ;
; 5:1                ; 20 bits   ; 60 LEs        ; 20 LEs               ; 40 LEs                 ; Yes        ; |mem|instruction[19]       ;
; 3:1                ; 5 bits    ; 10 LEs        ; 10 LEs               ; 0 LEs                  ; No         ; |mem|HEX7                  ;
; 4:1                ; 2 bits    ; 4 LEs         ; 4 LEs                ; 0 LEs                  ; No         ; |mem|writedata             ;
; 7:1                ; 3 bits    ; 12 LEs        ; 9 LEs                ; 3 LEs                  ; No         ; |mem|state                 ;
+--------------------+-----------+---------------+----------------------+------------------------+------------+----------------------------+


+----------------------------------------------------------------------------------------------------------------------------+
; Port Connectivity Checks: "altera_UP_sram:mem1"                                                                            ;
+------------------+--------+----------+-------------------------------------------------------------------------------------+
; Port             ; Type   ; Severity ; Details                                                                             ;
+------------------+--------+----------+-------------------------------------------------------------------------------------+
; byteenable[1]    ; Input  ; Info     ; Stuck at GND                                                                        ;
; byteenable[0]    ; Input  ; Info     ; Stuck at VCC                                                                        ;
; writedata[15..3] ; Input  ; Info     ; Stuck at GND                                                                        ;
; readdata[15..3]  ; Output ; Info     ; Connected to dangling logic. Logic that only feeds a dangling port will be removed. ;
; readdatavalid    ; Output ; Info     ; Connected to dangling logic. Logic that only feeds a dangling port will be removed. ;
+------------------+--------+----------+-------------------------------------------------------------------------------------+


+-------------------------------+
; Elapsed Time Per Partition    ;
+----------------+--------------+
; Partition Name ; Elapsed Time ;
+----------------+--------------+
; Top            ; 00:00:03     ;
+----------------+--------------+


+-------------------------------+
; Analysis & Synthesis Messages ;
+-------------------------------+
Info: *******************************************************************
Info: Running Quartus II 64-Bit Analysis & Synthesis
    Info: Version 13.0.1 Build 232 06/12/2013 Service Pack 1 SJ Web Edition
    Info: Processing started: Mon Dec 09 13:47:32 2013
Info: Command: quartus_map --read_settings_files=on --write_settings_files=off mem -c mem
Warning (20028): Parallel compilation is not licensed and has been disabled
Warning (12019): Can't analyze file -- file ../Lab1/Part1/mem.vhd is missing
Warning (10335): Unrecognized synthesis attribute "synencoding" at mem.vhd(51)
Warning (10335): Unrecognized synthesis attribute "synen_coding" at mem.vhd(78)
Info (12021): Found 2 design units, including 1 entities, in source file mem.vhd
    Info (12022): Found design unit 1: mem-rtl
    Info (12023): Found entity 1: mem
Info (12127): Elaborating entity "mem" for the top level hierarchy
Warning (10540): VHDL Signal Declaration warning at mem.vhd(68): used explicit default value for signal "byteenable" because signal was never assigned a value
Warning (10036): Verilog HDL or VHDL warning at mem.vhd(70): object "readdatavalid" assigned a value but never read
Warning (10631): VHDL Process Statement warning at mem.vhd(116): inferring latch(es) for signal or variable "present_state", which holds its previous value in one or more paths through the process
Warning (10492): VHDL Process Statement warning at mem.vhd(389): signal "check" is read inside the Process Statement but isn't in the Process Statement's sensitivity list
Warning (10492): VHDL Process Statement warning at mem.vhd(391): signal "readdata" is read inside the Process Statement but isn't in the Process Statement's sensitivity list
Warning (10492): VHDL Process Statement warning at mem.vhd(392): signal "Source_A_D" is read inside the Process Statement but isn't in the Process Statement's sensitivity list
Warning (10492): VHDL Process Statement warning at mem.vhd(397): signal "Source_A_D" is read inside the Process Statement but isn't in the Process Statement's sensitivity list
Warning (10492): VHDL Process Statement warning at mem.vhd(402): signal "Source_A_D" is read inside the Process Statement but isn't in the Process Statement's sensitivity list
Warning (10492): VHDL Process Statement warning at mem.vhd(407): signal "Source_A_D" is read inside the Process Statement but isn't in the Process Statement's sensitivity list
Warning (10492): VHDL Process Statement warning at mem.vhd(412): signal "Source_A_D" is read inside the Process Statement but isn't in the Process Statement's sensitivity list
Warning (10492): VHDL Process Statement warning at mem.vhd(434): signal "check" is read inside the Process Statement but isn't in the Process Statement's sensitivity list
Warning (10492): VHDL Process Statement warning at mem.vhd(436): signal "readdata" is read inside the Process Statement but isn't in the Process Statement's sensitivity list
Warning (10492): VHDL Process Statement warning at mem.vhd(437): signal "Source_A_D" is read inside the Process Statement but isn't in the Process Statement's sensitivity list
Warning (10492): VHDL Process Statement warning at mem.vhd(442): signal "Source_A_D" is read inside the Process Statement but isn't in the Process Statement's sensitivity list
Warning (10492): VHDL Process Statement warning at mem.vhd(447): signal "Source_A_D" is read inside the Process Statement but isn't in the Process Statement's sensitivity list
Warning (10492): VHDL Process Statement warning at mem.vhd(452): signal "Source_A_D" is read inside the Process Statement but isn't in the Process Statement's sensitivity list
Warning (10492): VHDL Process Statement warning at mem.vhd(457): signal "Source_A_D" is read inside the Process Statement but isn't in the Process Statement's sensitivity list
Warning (10631): VHDL Process Statement warning at mem.vhd(358): inferring latch(es) for signal or variable "address", which holds its previous value in one or more paths through the process
Warning (10631): VHDL Process Statement warning at mem.vhd(358): inferring latch(es) for signal or variable "writedata", which holds its previous value in one or more paths through the process
Warning (10631): VHDL Process Statement warning at mem.vhd(358): inferring latch(es) for signal or variable "Source_A_D", which holds its previous value in one or more paths through the process
Warning (10873): Using initial value X (don't care) for net "ledg[7..4]" at mem.vhd(16)
Info (10041): Inferred latch for "Source_A_D[0]" at mem.vhd(358)
Info (10041): Inferred latch for "Source_A_D[1]" at mem.vhd(358)
Info (10041): Inferred latch for "Source_A_D[2]" at mem.vhd(358)
Info (10041): Inferred latch for "writedata[0]" at mem.vhd(358)
Info (10041): Inferred latch for "writedata[1]" at mem.vhd(358)
Info (10041): Inferred latch for "writedata[2]" at mem.vhd(358)
Info (10041): Inferred latch for "writedata[3]" at mem.vhd(358)
Info (10041): Inferred latch for "writedata[4]" at mem.vhd(358)
Info (10041): Inferred latch for "writedata[5]" at mem.vhd(358)
Info (10041): Inferred latch for "writedata[6]" at mem.vhd(358)
Info (10041): Inferred latch for "writedata[7]" at mem.vhd(358)
Info (10041): Inferred latch for "writedata[8]" at mem.vhd(358)
Info (10041): Inferred latch for "writedata[9]" at mem.vhd(358)
Info (10041): Inferred latch for "writedata[10]" at mem.vhd(358)
Info (10041): Inferred latch for "writedata[11]" at mem.vhd(358)
Info (10041): Inferred latch for "writedata[12]" at mem.vhd(358)
Info (10041): Inferred latch for "writedata[13]" at mem.vhd(358)
Info (10041): Inferred latch for "writedata[14]" at mem.vhd(358)
Info (10041): Inferred latch for "writedata[15]" at mem.vhd(358)
Info (10041): Inferred latch for "address[0]" at mem.vhd(358)
Info (10041): Inferred latch for "address[1]" at mem.vhd(358)
Info (10041): Inferred latch for "address[2]" at mem.vhd(358)
Info (10041): Inferred latch for "address[3]" at mem.vhd(358)
Info (10041): Inferred latch for "address[4]" at mem.vhd(358)
Info (10041): Inferred latch for "address[5]" at mem.vhd(358)
Info (10041): Inferred latch for "address[6]" at mem.vhd(358)
Info (10041): Inferred latch for "address[7]" at mem.vhd(358)
Info (10041): Inferred latch for "address[8]" at mem.vhd(358)
Info (10041): Inferred latch for "address[9]" at mem.vhd(358)
Info (10041): Inferred latch for "address[10]" at mem.vhd(358)
Info (10041): Inferred latch for "address[11]" at mem.vhd(358)
Info (10041): Inferred latch for "address[12]" at mem.vhd(358)
Info (10041): Inferred latch for "address[13]" at mem.vhd(358)
Info (10041): Inferred latch for "address[14]" at mem.vhd(358)
Info (10041): Inferred latch for "address[15]" at mem.vhd(358)
Info (10041): Inferred latch for "address[16]" at mem.vhd(358)
Info (10041): Inferred latch for "address[17]" at mem.vhd(358)
Info (10041): Inferred latch for "address[18]" at mem.vhd(358)
Info (10041): Inferred latch for "address[19]" at mem.vhd(358)
Info (10041): Inferred latch for "present_state.re_turn" at mem.vhd(116)
Info (10041): Inferred latch for "present_state.play" at mem.vhd(116)
Info (10041): Inferred latch for "present_state.remember" at mem.vhd(116)
Warning (12125): Using design file altera_up_sram.vhd, which is not specified as a design file for the current project, but contains definitions for 2 design units and 1 entities in project
    Info (12022): Found design unit 1: altera_UP_sram-Behaviour
    Info (12023): Found entity 1: altera_UP_sram
Info (12128): Elaborating entity "altera_UP_sram" for hierarchy "altera_UP_sram:mem1"
Warning (13034): The following nodes have both tri-state and non-tri-state drivers
    Warning (13035): Inserted always-enabled tri-state buffer between "GPIO[3]" and its non-tri-state driver.
    Warning (13035): Inserted always-enabled tri-state buffer between "GPIO[2]" and its non-tri-state driver.
    Warning (13035): Inserted always-enabled tri-state buffer between "GPIO[1]" and its non-tri-state driver.
    Warning (13035): Inserted always-enabled tri-state buffer between "GPIO[0]" and its non-tri-state driver.
Warning (13009): TRI or OPNDRN buffers permanently enabled
    Warning (13010): Node "GPIO[3]~synth"
    Warning (13010): Node "GPIO[2]~synth"
    Warning (13010): Node "GPIO[1]~synth"
    Warning (13010): Node "GPIO[0]~synth"
Warning (13024): Output pins are stuck at VCC or GND
    Warning (13410): Pin "HEX5[4]" is stuck at GND
    Warning (13410): Pin "HEX3[1]" is stuck at VCC
    Warning (13410): Pin "HEX3[0]" is stuck at VCC
    Warning (13410): Pin "HEX1[2]" is stuck at VCC
    Warning (13410): Pin "HEX1[1]" is stuck at VCC
    Warning (13410): Pin "HEX2[2]" is stuck at VCC
    Warning (13410): Pin "HEX2[1]" is stuck at VCC
    Warning (13410): Pin "HEX2[0]" is stuck at VCC
    Warning (13410): Pin "HEX4[6]" is stuck at GND
    Warning (13410): Pin "HEX4[5]" is stuck at GND
    Warning (13410): Pin "HEX4[4]" is stuck at GND
    Warning (13410): Pin "sraM_CE_N" is stuck at GND
    Warning (13410): Pin "sraM_LB_N" is stuck at GND
    Warning (13410): Pin "sraM_UB_N" is stuck at VCC
    Warning (13410): Pin "ledg[4]" is stuck at GND
    Warning (13410): Pin "ledg[5]" is stuck at GND
    Warning (13410): Pin "ledg[6]" is stuck at GND
    Warning (13410): Pin "ledg[7]" is stuck at GND
Info (286030): Timing-Driven Synthesis is running
Info (16010): Generating hard_block partition "hard_block:auto_generated_inst"
    Info (16011): Adding 0 node(s), including 0 DDIO, 0 PLL, 0 transceiver and 0 LCELL
Info (21057): Implemented 467 device resources after synthesis - the final resource count might be different
    Info (21058): Implemented 3 input pins
    Info (21059): Implemented 82 output pins
    Info (21060): Implemented 20 bidirectional pins
    Info (21061): Implemented 362 logic cells
Info: Quartus II 64-Bit Analysis & Synthesis was successful. 0 errors, 55 warnings
    Info: Peak virtual memory: 485 megabytes
    Info: Processing ended: Mon Dec 09 13:48:00 2013
    Info: Elapsed time: 00:00:28
    Info: Total CPU time (on all processors): 00:00:04


